ERROR 2015-11-19 09:50:41,540 - Left side ($tra1.trigger.parameters.size()) of '>' operation has null value at templates/angularjs/controllers/Controllers.vsl[line 106, column 79]
ERROR 2015-11-19 09:50:41,540 - Left side ($tra1.trigger.parameters.size()) of '>' operation has null value at templates/angularjs/controllers/Controllers.vsl[line 133, column 53]
ERROR 2015-11-19 11:29:13,714 - Parser Exception: templates/angularjs/controllers/Controllers.vsl
org.apache.velocity.runtime.parser.ParseException: Encountered "<EOF>" at line 231, column 9.
Was expecting one of:
    "(" ...
    <RPAREN> ...
    <ESCAPE_DIRECTIVE> ...
    <SET_DIRECTIVE> ...
    "##" ...
    "\\\\" ...
    "\\" ...
    <TEXT> ...
    "*#" ...
    "*#" ...
    <STRING_LITERAL> ...
    <END> ...
    <IF_DIRECTIVE> ...
    <STOP_DIRECTIVE> ...
    <INTEGER_LITERAL> ...
    <FLOATING_POINT_LITERAL> ...
    <WORD> ...
    <BRACKETED_WORD> ...
    <IDENTIFIER> ...
    <DOT> ...
    "{" ...
    "}" ...
    
	at org.apache.velocity.runtime.parser.Parser.generateParseException(Parser.java:3441)
	at org.apache.velocity.runtime.parser.Parser.jj_consume_token(Parser.java:3318)
	at org.apache.velocity.runtime.parser.Parser.Directive(Parser.java:909)
	at org.apache.velocity.runtime.parser.Parser.Statement(Parser.java:373)
	at org.apache.velocity.runtime.parser.Parser.process(Parser.java:311)
	at org.apache.velocity.runtime.parser.Parser.parse(Parser.java:105)
	at org.apache.velocity.runtime.RuntimeInstance.parse(RuntimeInstance.java:1131)
	at org.apache.velocity.runtime.RuntimeInstance.parse(RuntimeInstance.java:1086)
	at org.apache.velocity.Template.process(Template.java:124)
	at org.apache.velocity.runtime.resource.ResourceManagerImpl.loadResource(ResourceManagerImpl.java:446)
	at org.apache.velocity.runtime.resource.ResourceManagerImpl.getResource(ResourceManagerImpl.java:354)
	at org.apache.velocity.runtime.RuntimeInstance.getTemplate(RuntimeInstance.java:1400)
	at org.apache.velocity.runtime.RuntimeInstance.getTemplate(RuntimeInstance.java:1380)
	at org.apache.velocity.app.VelocityEngine.getTemplate(VelocityEngine.java:401)
	at org.andromda.templateengines.velocity.VelocityTemplateEngine.processTemplate(VelocityTemplateEngine.java:232)
	at org.andromda.core.cartridge.Cartridge.processWithTemplate(Cartridge.java:373)
	at org.andromda.core.cartridge.Cartridge.processTemplateWithMetafacades(Cartridge.java:193)
	at org.andromda.core.cartridge.Cartridge.processTemplate(Cartridge.java:114)
	at org.andromda.core.cartridge.Cartridge.processModelElements(Cartridge.java:67)
	at org.andromda.core.engine.ModelProcessor.processModels(ModelProcessor.java:278)
	at org.andromda.core.engine.ModelProcessor.process(ModelProcessor.java:144)
	at org.andromda.core.engine.ModelProcessor.process(ModelProcessor.java:84)
	at org.andromda.core.engine.Engine.run(Engine.java:91)
	at org.andromda.core.AndroMDA.run(AndroMDA.java:207)
	at org.andromda.maven.plugin.AndroMDAMojo.execute(AndroMDAMojo.java:97)
	at org.andromda.maven.plugin.AbstractAndroMDAMojo.execute(AbstractAndroMDAMojo.java:129)
	at org.andromda.maven.plugin.cartridge.CartridgeTestMojo.execute(CartridgeTestMojo.java:125)
	at org.apache.maven.plugin.DefaultBuildPluginManager.executeMojo(DefaultBuildPluginManager.java:132)
	at org.apache.maven.lifecycle.internal.MojoExecutor.execute(MojoExecutor.java:208)
	at org.apache.maven.lifecycle.internal.MojoExecutor.execute(MojoExecutor.java:153)
	at org.apache.maven.lifecycle.internal.MojoExecutor.execute(MojoExecutor.java:145)
	at org.apache.maven.lifecycle.internal.LifecycleModuleBuilder.buildProject(LifecycleModuleBuilder.java:116)
	at org.apache.maven.lifecycle.internal.LifecycleModuleBuilder.buildProject(LifecycleModuleBuilder.java:80)
	at org.apache.maven.lifecycle.internal.builder.singlethreaded.SingleThreadedBuilder.build(SingleThreadedBuilder.java:51)
	at org.apache.maven.lifecycle.internal.LifecycleStarter.execute(LifecycleStarter.java:120)
	at org.apache.maven.DefaultMaven.doExecute(DefaultMaven.java:347)
	at org.apache.maven.DefaultMaven.execute(DefaultMaven.java:154)
	at org.apache.maven.cli.MavenCli.execute(MavenCli.java:582)
	at org.apache.maven.cli.MavenCli.doMain(MavenCli.java:214)
	at org.apache.maven.cli.MavenCli.main(MavenCli.java:158)
	at sun.reflect.NativeMethodAccessorImpl.invoke0(Native Method)
	at sun.reflect.NativeMethodAccessorImpl.invoke(NativeMethodAccessorImpl.java:39)
	at sun.reflect.DelegatingMethodAccessorImpl.invoke(DelegatingMethodAccessorImpl.java:25)
	at java.lang.reflect.Method.invoke(Method.java:597)
	at org.codehaus.plexus.classworlds.launcher.Launcher.launchEnhanced(Launcher.java:289)
	at org.codehaus.plexus.classworlds.launcher.Launcher.launch(Launcher.java:229)
	at org.codehaus.plexus.classworlds.launcher.Launcher.mainWithExitCode(Launcher.java:415)
	at org.codehaus.plexus.classworlds.launcher.Launcher.main(Launcher.java:356)
ERROR 2015-11-19 11:29:13,716 - ResourceManager.getResource() parse exception
org.apache.velocity.exception.ParseErrorException: Encountered "<EOF>" at templates/angularjs/controllers/Controllers.vsl[line 231, column 9]
Was expecting one of:
    "(" ...
    <RPAREN> ...
    <ESCAPE_DIRECTIVE> ...
    <SET_DIRECTIVE> ...
    "##" ...
    "\\\\" ...
    "\\" ...
    <TEXT> ...
    "*#" ...
    "*#" ...
    <STRING_LITERAL> ...
    <END> ...
    <IF_DIRECTIVE> ...
    <STOP_DIRECTIVE> ...
    <INTEGER_LITERAL> ...
    <FLOATING_POINT_LITERAL> ...
    <WORD> ...
    <BRACKETED_WORD> ...
    <IDENTIFIER> ...
    <DOT> ...
    "{" ...
    "}" ...
    
	at org.apache.velocity.Template.process(Template.java:141)
	at org.apache.velocity.runtime.resource.ResourceManagerImpl.loadResource(ResourceManagerImpl.java:446)
	at org.apache.velocity.runtime.resource.ResourceManagerImpl.getResource(ResourceManagerImpl.java:354)
	at org.apache.velocity.runtime.RuntimeInstance.getTemplate(RuntimeInstance.java:1400)
	at org.apache.velocity.runtime.RuntimeInstance.getTemplate(RuntimeInstance.java:1380)
	at org.apache.velocity.app.VelocityEngine.getTemplate(VelocityEngine.java:401)
	at org.andromda.templateengines.velocity.VelocityTemplateEngine.processTemplate(VelocityTemplateEngine.java:232)
	at org.andromda.core.cartridge.Cartridge.processWithTemplate(Cartridge.java:373)
	at org.andromda.core.cartridge.Cartridge.processTemplateWithMetafacades(Cartridge.java:193)
	at org.andromda.core.cartridge.Cartridge.processTemplate(Cartridge.java:114)
	at org.andromda.core.cartridge.Cartridge.processModelElements(Cartridge.java:67)
	at org.andromda.core.engine.ModelProcessor.processModels(ModelProcessor.java:278)
	at org.andromda.core.engine.ModelProcessor.process(ModelProcessor.java:144)
	at org.andromda.core.engine.ModelProcessor.process(ModelProcessor.java:84)
	at org.andromda.core.engine.Engine.run(Engine.java:91)
	at org.andromda.core.AndroMDA.run(AndroMDA.java:207)
	at org.andromda.maven.plugin.AndroMDAMojo.execute(AndroMDAMojo.java:97)
	at org.andromda.maven.plugin.AbstractAndroMDAMojo.execute(AbstractAndroMDAMojo.java:129)
	at org.andromda.maven.plugin.cartridge.CartridgeTestMojo.execute(CartridgeTestMojo.java:125)
	at org.apache.maven.plugin.DefaultBuildPluginManager.executeMojo(DefaultBuildPluginManager.java:132)
	at org.apache.maven.lifecycle.internal.MojoExecutor.execute(MojoExecutor.java:208)
	at org.apache.maven.lifecycle.internal.MojoExecutor.execute(MojoExecutor.java:153)
	at org.apache.maven.lifecycle.internal.MojoExecutor.execute(MojoExecutor.java:145)
	at org.apache.maven.lifecycle.internal.LifecycleModuleBuilder.buildProject(LifecycleModuleBuilder.java:116)
	at org.apache.maven.lifecycle.internal.LifecycleModuleBuilder.buildProject(LifecycleModuleBuilder.java:80)
	at org.apache.maven.lifecycle.internal.builder.singlethreaded.SingleThreadedBuilder.build(SingleThreadedBuilder.java:51)
	at org.apache.maven.lifecycle.internal.LifecycleStarter.execute(LifecycleStarter.java:120)
	at org.apache.maven.DefaultMaven.doExecute(DefaultMaven.java:347)
	at org.apache.maven.DefaultMaven.execute(DefaultMaven.java:154)
	at org.apache.maven.cli.MavenCli.execute(MavenCli.java:582)
	at org.apache.maven.cli.MavenCli.doMain(MavenCli.java:214)
	at org.apache.maven.cli.MavenCli.main(MavenCli.java:158)
	at sun.reflect.NativeMethodAccessorImpl.invoke0(Native Method)
	at sun.reflect.NativeMethodAccessorImpl.invoke(NativeMethodAccessorImpl.java:39)
	at sun.reflect.DelegatingMethodAccessorImpl.invoke(DelegatingMethodAccessorImpl.java:25)
	at java.lang.reflect.Method.invoke(Method.java:597)
	at org.codehaus.plexus.classworlds.launcher.Launcher.launchEnhanced(Launcher.java:289)
	at org.codehaus.plexus.classworlds.launcher.Launcher.launch(Launcher.java:229)
	at org.codehaus.plexus.classworlds.launcher.Launcher.mainWithExitCode(Launcher.java:415)
	at org.codehaus.plexus.classworlds.launcher.Launcher.main(Launcher.java:356)
ERROR 2015-11-19 11:31:46,310 - Left side ($tra1.trigger.parameters.size()) of '>' operation has null value at templates/angularjs/controllers/Controllers.vsl[line 106, column 79]
ERROR 2015-11-19 11:31:46,310 - Left side ($tra1.trigger.parameters.size()) of '>' operation has null value at templates/angularjs/controllers/Controllers.vsl[line 133, column 53]
